<?xml version="1.0" encoding="UTF-8"?>
<testng-results ignored="0" total="1" passed="1" failed="0" skipped="0">
  <reporter-output>
  </reporter-output>
  <suite started-at="2023-07-28T19:50:25 IST" name="Default suite" finished-at="2023-07-28T19:50:47 IST" duration-ms="22367">
    <groups>
      <group name="cucumber">
        <method signature="AbstractTestNGCucumberTests.runScenario(io.cucumber.testng.PickleWrapper,io.cucumber.testng.FeatureWrapper)[pri:0, instance:bdd.test.testrunner@2034b64c]" name="runScenario" class="io.cucumber.testng.AbstractTestNGCucumberTests"/>
      </group> <!-- cucumber -->
    </groups>
    <test started-at="2023-07-28T19:50:25 IST" name="Default test" finished-at="2023-07-28T19:50:47 IST" duration-ms="22367">
      <class name="bdd.test.testrunner">
        <test-method is-config="true" signature="setUpClass(org.testng.ITestContext)[pri:0, instance:bdd.test.testrunner@2034b64c]" started-at="2023-07-28T19:50:25 IST" name="setUpClass" finished-at="2023-07-28T19:50:26 IST" duration-ms="683" status="PASS">
          <params>
            <param index="0">
              <value>
                <![CDATA[org.testng.TestRunner@2d459bda]]>
              </value>
            </param>
          </params>
          <reporter-output>
          </reporter-output>
        </test-method> <!-- setUpClass -->
        <test-method signature="runScenario(io.cucumber.testng.PickleWrapper,io.cucumber.testng.FeatureWrapper)[pri:0, instance:bdd.test.testrunner@2034b64c]" started-at="2023-07-28T19:50:26 IST" name="runScenario" description="Runs Cucumber Scenarios" data-provider="scenarios" finished-at="2023-07-28T19:50:46 IST" duration-ms="20011" status="PASS">
          <params>
            <param index="0">
              <value>
                <![CDATA["verify that user can able to register the login info"]]>
              </value>
            </param>
            <param index="1">
              <value>
                <![CDATA["Register for online banking"]]>
              </value>
            </param>
          </params>
          <reporter-output>
          </reporter-output>
        </test-method> <!-- runScenario -->
        <test-method is-config="true" signature="tearDownClass()[pri:0, instance:bdd.test.testrunner@2034b64c]" started-at="2023-07-28T19:50:46 IST" name="tearDownClass" finished-at="2023-07-28T19:50:47 IST" duration-ms="1649" status="PASS">
          <reporter-output>
          </reporter-output>
        </test-method> <!-- tearDownClass -->
      </class> <!-- bdd.test.testrunner -->
    </test> <!-- Default test -->
  </suite> <!-- Default suite -->
</testng-results>
